2026-04-08T08:22:11.524Z - App starting...
2026-04-08T08:24:21.566Z - App starting...
2026-04-08T08:24:57.337Z - App starting...
2026-04-08T08:30:00.957Z - App starting...
2026-04-08T08:31:39.502Z - App starting...
2026-04-08T08:36:59.036Z - App starting...
2026-04-08T10:53:30.309Z - App starting...
2026-04-08T10:56:48.243Z - App starting...
2026-04-08T10:58:49.387Z - App starting...
2026-04-08T10:59:50.381Z - App starting...
2026-04-08T11:01:09.780Z - App starting...
2026-04-08T11:04:12.315Z - App starting...
2026-04-08T11:05:18.460Z - App starting...
2026-04-08T11:07:22.260Z - App starting...
2026-04-11T13:25:29.469Z - App starting...
2026-04-11T13:25:52.509Z - App starting...
2026-04-11T13:25:54.042Z - App starting...
2026-04-11T13:38:48.670Z - App starting...
2026-04-11T13:40:24.653Z - App starting...
2026-04-13T03:55:22.258Z - App starting...
2026-04-13T03:58:13.691Z - App starting...
2026-04-13T04:01:11.828Z - App starting...
2026-04-13T04:01:50.298Z - App starting...
2026-04-13T04:02:03.796Z - App starting...
2026-04-13T04:18:25.477Z - App starting...
2026-04-13T12:45:33.590Z - App starting...
2026-04-13T13:19:52.020Z - App starting...
2026-04-13T14:05:59.347Z - App starting...
2026-04-13T14:08:23.827Z - App starting...
2026-04-15T13:50:28.026Z - App starting...
2026-04-15T13:54:02.884Z - App starting...
2026-04-15T13:54:18.743Z - App starting...
2026-04-15T13:59:29.308Z - App starting...
2026-04-15T14:08:05.063Z - Global Error Handler: Connection to 127.0.0.1:27011 interrupted due to server monitor timeout
Stack: PoolClearedOnNetworkError: Connection to 127.0.0.1:27011 interrupted due to server monitor timeout
    at ConnectionPool.interruptInUseConnections (C:\Users\default.LAPTOP-8GICU1NM\Downloads\microservice\microservice\services\auth-service\node_modules\mongodb\lib\cmap\connection_pool.js:308:36)
    at C:\Users\default.LAPTOP-8GICU1NM\Downloads\microservice\microservice\services\auth-service\node_modules\mongodb\lib\cmap\connection_pool.js:296:39
    at node:internal/process/task_queues:151:7
    at AsyncResource.runInAsyncScope (node:async_hooks:211:14)
    at AsyncResource.runMicrotask (node:internal/process/task_queues:148:8)
    at process.processTicksAndRejections (node:internal/process/task_queues:105:5)
2026-04-15T14:13:04.471Z - App starting...
2026-04-15T14:52:05.839Z - App starting...
